ARM GAS  C:\Users\strag\AppData\Local\Temp\ccj2ZzJe.s 			page 1


   1              		.syntax unified
   2              		.cpu cortex-m4
   3              		.eabi_attribute 27, 1
   4              		.eabi_attribute 28, 1
   5              		.fpu fpv4-sp-d16
   6              		.eabi_attribute 20, 1
   7              		.eabi_attribute 21, 1
   8              		.eabi_attribute 23, 3
   9              		.eabi_attribute 24, 1
  10              		.eabi_attribute 25, 1
  11              		.eabi_attribute 26, 1
  12              		.eabi_attribute 30, 1
  13              		.eabi_attribute 34, 1
  14              		.eabi_attribute 18, 4
  15              		.thumb
  16              		.syntax unified
  17              		.file	"gpio.c"
  18              		.text
  19              	.Ltext0:
  20              		.cfi_sections	.debug_frame
  21              		.section	.text.vRunLed_Init,"ax",%progbits
  22              		.align	2
  23              		.global	vRunLed_Init
  24              		.thumb
  25              		.thumb_func
  27              	vRunLed_Init:
  28              	.LFB111:
  29              		.file 1 "./user/source/gpio.c"
   1:./user/source/gpio.c **** 
   2:./user/source/gpio.c **** #include "gpio.h"
   3:./user/source/gpio.c **** #include "stm32f37x.h"
   4:./user/source/gpio.c **** 
   5:./user/source/gpio.c **** 
   6:./user/source/gpio.c **** void vRunLed_Init(void)
   7:./user/source/gpio.c **** {
  30              		.loc 1 7 0
  31              		.cfi_startproc
  32              		@ args = 0, pretend = 0, frame = 8
  33              		@ frame_needed = 0, uses_anonymous_args = 0
  34 0000 00B5     		push	{lr}
  35              	.LCFI0:
  36              		.cfi_def_cfa_offset 4
  37              		.cfi_offset 14, -4
  38 0002 83B0     		sub	sp, sp, #12
  39              	.LCFI1:
  40              		.cfi_def_cfa_offset 16
   8:./user/source/gpio.c ****     GPIO_InitTypeDef GPIO_Initstruc;
   9:./user/source/gpio.c ****     RCC_AHBPeriphClockCmd(RCC_AHBPeriph_GPIOA, ENABLE);
  41              		.loc 1 9 0
  42 0004 0121     		movs	r1, #1
  43 0006 4FF40030 		mov	r0, #131072
  44 000a FFF7FEFF 		bl	RCC_AHBPeriphClockCmd
  45              	.LVL0:
  10:./user/source/gpio.c ****     GPIO_Initstruc.GPIO_Pin = GPIO_Pin_0;
  46              		.loc 1 10 0
  47 000e 0123     		movs	r3, #1
  48 0010 0093     		str	r3, [sp]
ARM GAS  C:\Users\strag\AppData\Local\Temp\ccj2ZzJe.s 			page 2


  11:./user/source/gpio.c ****     GPIO_Initstruc.GPIO_Mode = GPIO_Mode_OUT;
  49              		.loc 1 11 0
  50 0012 8DF80430 		strb	r3, [sp, #4]
  12:./user/source/gpio.c ****     GPIO_Initstruc.GPIO_OType = GPIO_OType_PP;
  51              		.loc 1 12 0
  52 0016 0023     		movs	r3, #0
  53 0018 8DF80630 		strb	r3, [sp, #6]
  13:./user/source/gpio.c ****     GPIO_Initstruc.GPIO_Speed = GPIO_Speed_2MHz;
  54              		.loc 1 13 0
  55 001c 0222     		movs	r2, #2
  56 001e 8DF80520 		strb	r2, [sp, #5]
  14:./user/source/gpio.c ****     GPIO_Initstruc.GPIO_PuPd = GPIO_PuPd_NOPULL;
  57              		.loc 1 14 0
  58 0022 8DF80730 		strb	r3, [sp, #7]
  15:./user/source/gpio.c ****     GPIO_Init(GPIOA, &GPIO_Initstruc);
  59              		.loc 1 15 0
  60 0026 6946     		mov	r1, sp
  61 0028 4FF09040 		mov	r0, #1207959552
  62 002c FFF7FEFF 		bl	GPIO_Init
  63              	.LVL1:
  16:./user/source/gpio.c **** }
  64              		.loc 1 16 0
  65 0030 03B0     		add	sp, sp, #12
  66              	.LCFI2:
  67              		.cfi_def_cfa_offset 4
  68              		@ sp needed
  69 0032 5DF804FB 		ldr	pc, [sp], #4
  70              		.cfi_endproc
  71              	.LFE111:
  73 0036 00BF     		.text
  74              	.Letext0:
  75              		.file 2 "d:\\gcc-arm-none-eabi-5_4-2016q3-20160926-win32\\arm-none-eabi\\include\\machine\\_defaul
  76              		.file 3 "d:\\gcc-arm-none-eabi-5_4-2016q3-20160926-win32\\arm-none-eabi\\include\\sys\\_stdint.h"
  77              		.file 4 "cmsis/include/stm32f37x.h"
  78              		.file 5 "stdperiph/include/stm32f37x_gpio.h"
  79              		.file 6 "stdperiph/include/stm32f37x_rcc.h"
  80              		.file 7 "cmsis/include/core_cm4.h"
ARM GAS  C:\Users\strag\AppData\Local\Temp\ccj2ZzJe.s 			page 3


DEFINED SYMBOLS
                            *ABS*:00000000 gpio.c
C:\Users\strag\AppData\Local\Temp\ccj2ZzJe.s:22     .text.vRunLed_Init:00000000 $t
C:\Users\strag\AppData\Local\Temp\ccj2ZzJe.s:27     .text.vRunLed_Init:00000000 vRunLed_Init
                     .debug_frame:00000010 $d

UNDEFINED SYMBOLS
RCC_AHBPeriphClockCmd
GPIO_Init
