ARM GAS  C:\Users\strag\AppData\Local\Temp\ccXqFFHI.s 			page 1


   1              		.syntax unified
   2              		.cpu cortex-m4
   3              		.eabi_attribute 27, 1
   4              		.eabi_attribute 28, 1
   5              		.fpu fpv4-sp-d16
   6              		.eabi_attribute 20, 1
   7              		.eabi_attribute 21, 1
   8              		.eabi_attribute 23, 3
   9              		.eabi_attribute 24, 1
  10              		.eabi_attribute 25, 1
  11              		.eabi_attribute 26, 1
  12              		.eabi_attribute 30, 1
  13              		.eabi_attribute 34, 1
  14              		.eabi_attribute 18, 4
  15              		.thumb
  16              		.syntax unified
  17              		.file	"main.c"
  18              		.text
  19              	.Ltext0:
  20              		.cfi_sections	.debug_frame
  21              		.section	.text.vTaskRunLed,"ax",%progbits
  22              		.align	2
  23              		.global	vTaskRunLed
  24              		.thumb
  25              		.thumb_func
  27              	vTaskRunLed:
  28              	.LFB120:
  29              		.file 1 "./user/source/main.c"
   1:./user/source/main.c **** #include "main.h"
   2:./user/source/main.c **** #include "gpio.h"
   3:./user/source/main.c **** #include "uart.h"
   4:./user/source/main.c **** #include "flash.h"
   5:./user/source/main.c **** #include "sim800.h"
   6:./user/source/main.c **** #include "gps.h"
   7:./user/source/main.c **** #include "onenet.h"
   8:./user/source/main.c **** #include "FreeRTOS.h"
   9:./user/source/main.c **** #include "task.h"
  10:./user/source/main.c **** #include "semphr.h"
  11:./user/source/main.c **** 
  12:./user/source/main.c **** void vBoardInit(void);
  13:./user/source/main.c **** void vSim800_TCPInit(void *pGprs);
  14:./user/source/main.c **** void vRunLed_Init(void);
  15:./user/source/main.c **** void vTaskRunLed(void);
  16:./user/source/main.c **** //void vTaskPPPRead(void);
  17:./user/source/main.c **** void vTaskPublish(void);
  18:./user/source/main.c **** SemaphoreHandle_t xSemGprsRsvd;
  19:./user/source/main.c **** /*QueueHandle_t handQueueU1Frame;*/
  20:./user/source/main.c **** 
  21:./user/source/main.c **** void vBoardInit(void)
  22:./user/source/main.c **** {
  23:./user/source/main.c ****     //NVIC_PriorityGroupConfig(NVIC_PriorityGroup_4);
  24:./user/source/main.c ****     vInnerFlash_Init();
  25:./user/source/main.c ****     vRunLed_Init();
  26:./user/source/main.c ****     //Sim800GPRSInit();
  27:./user/source/main.c ****     pSim800GPS->Init();
  28:./user/source/main.c **** }
  29:./user/source/main.c **** 
ARM GAS  C:\Users\strag\AppData\Local\Temp\ccXqFFHI.s 			page 2


  30:./user/source/main.c **** void vSim800_TCPInit(void *pGprsDev)
  31:./user/source/main.c **** {
  32:./user/source/main.c ****     struct gprs_dev *pGprs = pGprsDev;
  33:./user/source/main.c ****     pGprs->PowerEn();
  34:./user/source/main.c ****     pGprs->delay(TICKS_1S);
  35:./user/source/main.c ****     pGprs->OnOff();
  36:./user/source/main.c ****     pGprs->delay(TICKS_1S);
  37:./user/source/main.c ****     USART_ITConfig(USART3, USART_IT_RXNE, ENABLE);
  38:./user/source/main.c ****     while (1)
  39:./user/source/main.c ****     {
  40:./user/source/main.c ****         if (pGprs->SendCmd("AT\r\n", "OK", TICKS_1S, 6) &&
  41:./user/source/main.c ****             pGprs->SendCmd("ATE0\r\n", "OK", TICKS_500MS, 6) &&
  42:./user/source/main.c ****             pGprs->SendCmd("AT+CPIN?\r\n", "READY", TICKS_1S, 3) &&
  43:./user/source/main.c ****             pGprs->SendCmd("AT+CSQ\r\n", "", TICKS_500MS, 3) &&
  44:./user/source/main.c ****             pGprs->SendCmd("AT+CGATT?\r\n", "", TICKS_500MS, 3) &&
  45:./user/source/main.c ****             pGprs->SendCmd("AT+CIPSHUT\r\n", "SHUT OK", 2 * TICKS_1S, 3) &&
  46:./user/source/main.c ****             pGprs->SendCmd("AT+CSTT=\"CMNET\"\r\n", "OK", 2 * TICKS_1S, 3) &&
  47:./user/source/main.c ****             pGprs->SendCmd("AT+CIICR\r\n", "OK", 90 * TICKS_1S, 3) &&
  48:./user/source/main.c ****             pGprs->SendCmd("AT+CIFSR\r\n", "", 2 * TICKS_1S, 3) &&
  49:./user/source/main.c ****             //pGprs->SendCmd("AT+CIPSTART=\"TCP\",\"116.247.119.165\",9336\r\n", "CONNECT", 2000, 3
  50:./user/source/main.c ****             pGprs->SendCmd("AT+CIPSTART=\"TCP\",\"183.230.40.39\",6002\r\n", "CONNECT", 2 * TICKS_1
  51:./user/source/main.c ****         //pGprs->SendCmd("AT+CIPSTART=\"TCP\",\"124.128.119.120\",6002\r\n", "CONNECT", 2000, 3))
  52:./user/source/main.c ****         {
  53:./user/source/main.c ****             break;
  54:./user/source/main.c ****         }
  55:./user/source/main.c ****     }
  56:./user/source/main.c **** }
  57:./user/source/main.c **** 
  58:./user/source/main.c **** int main(void)
  59:./user/source/main.c **** {
  60:./user/source/main.c ****     vBoardInit();
  61:./user/source/main.c ****     vSim800GPRSInit(pSim800GPRS);
  62:./user/source/main.c ****     vSim800_TCPInit(pSim800GPRS);
  63:./user/source/main.c ****     onenetConnect();
  64:./user/source/main.c **** 
  65:./user/source/main.c ****     //vSemaphoreCreateBinary(xSemGprsRsvd);
  66:./user/source/main.c ****     //handQueueU1Frame =xQueueCreate(2, sizeof(uint8_t));
  67:./user/source/main.c ****     //xTaskCreate((void *)vTaskRunLed, "RunLed", configMINIMAL_STACK_SIZE, NULL, tskIDLE_PRIORITY +
  68:./user/source/main.c ****     xTaskCreate((void *)vTaskRunLed, "RunLed", configMINIMAL_STACK_SIZE, NULL, tskIDLE_PRIORITY + 1
  69:./user/source/main.c ****     xTaskCreate((void *)vTaskPublish, "Publish", 4 * configMINIMAL_STACK_SIZE, NULL, tskIDLE_PRIORI
  70:./user/source/main.c **** 
  71:./user/source/main.c ****     //xTaskCreate((void *)vTaskComInit, "ComInit", configMINIMAL_STACK_SIZE, NULL, tskIDLE_PRIORITY
  72:./user/source/main.c ****     vTaskStartScheduler();
  73:./user/source/main.c ****     while (1)
  74:./user/source/main.c ****         ;
  75:./user/source/main.c **** }
  76:./user/source/main.c **** 
  77:./user/source/main.c **** void vTaskRunLed(void)
  78:./user/source/main.c **** {
  30              		.loc 1 78 0
  31              		.cfi_startproc
  32              		@ Volatile: function does not return.
  33              		@ args = 0, pretend = 0, frame = 0
  34              		@ frame_needed = 0, uses_anonymous_args = 0
  35 0000 08B5     		push	{r3, lr}
  36              	.LCFI0:
  37              		.cfi_def_cfa_offset 8
ARM GAS  C:\Users\strag\AppData\Local\Temp\ccXqFFHI.s 			page 3


  38              		.cfi_offset 3, -8
  39              		.cfi_offset 14, -4
  40              	.L2:
  79:./user/source/main.c ****     for (;;)
  80:./user/source/main.c ****     {
  81:./user/source/main.c ****         GPIO_SetBits(GPIOA, GPIO_Pin_0);
  41              		.loc 1 81 0 discriminator 1
  42 0002 0121     		movs	r1, #1
  43 0004 4FF09040 		mov	r0, #1207959552
  44 0008 FFF7FEFF 		bl	GPIO_SetBits
  45              	.LVL0:
  82:./user/source/main.c ****         vTaskDelay(1000 / portTICK_RATE_MS);
  46              		.loc 1 82 0 discriminator 1
  47 000c 0A20     		movs	r0, #10
  48 000e FFF7FEFF 		bl	vTaskDelay
  49              	.LVL1:
  83:./user/source/main.c ****         GPIO_ResetBits(GPIOA, GPIO_Pin_0);
  50              		.loc 1 83 0 discriminator 1
  51 0012 0121     		movs	r1, #1
  52 0014 4FF09040 		mov	r0, #1207959552
  53 0018 FFF7FEFF 		bl	GPIO_ResetBits
  54              	.LVL2:
  84:./user/source/main.c ****         vTaskDelay(1000 / portTICK_RATE_MS);
  55              		.loc 1 84 0 discriminator 1
  56 001c 0A20     		movs	r0, #10
  57 001e FFF7FEFF 		bl	vTaskDelay
  58              	.LVL3:
  59 0022 EEE7     		b	.L2
  60              		.cfi_endproc
  61              	.LFE120:
  63              		.global	__aeabi_f2d
  64              		.global	__aeabi_dadd
  65              		.global	__aeabi_d2f
  66              		.section	.text.vTaskPublish,"ax",%progbits
  67              		.align	2
  68              		.global	vTaskPublish
  69              		.thumb
  70              		.thumb_func
  72              	vTaskPublish:
  73              	.LFB121:
  85:./user/source/main.c ****     }
  86:./user/source/main.c **** }
  87:./user/source/main.c **** void vTaskPublish(void)
  88:./user/source/main.c **** {
  74              		.loc 1 88 0
  75              		.cfi_startproc
  76              		@ args = 0, pretend = 0, frame = 0
  77              		@ frame_needed = 0, uses_anonymous_args = 0
  78 0000 10B5     		push	{r4, lr}
  79              	.LCFI1:
  80              		.cfi_def_cfa_offset 8
  81              		.cfi_offset 4, -8
  82              		.cfi_offset 14, -4
  83              	.LVL4:
  89:./user/source/main.c ****     float lon = 116.9905972;
  84              		.loc 1 89 0
  85 0002 0D4C     		ldr	r4, .L7+8
ARM GAS  C:\Users\strag\AppData\Local\Temp\ccXqFFHI.s 			page 4


  86              	.LVL5:
  87              	.L5:
  90:./user/source/main.c ****     for (;;)
  91:./user/source/main.c ****     {
  92:./user/source/main.c ****         lon = lon + 0.0001;
  88              		.loc 1 92 0 discriminator 1
  89 0004 2046     		mov	r0, r4	@ float
  90 0006 FFF7FEFF 		bl	__aeabi_f2d
  91              	.LVL6:
  92 000a 09A3     		adr	r3, .L7
  93 000c D3E90023 		ldrd	r2, [r3]
  94 0010 FFF7FEFF 		bl	__aeabi_dadd
  95              	.LVL7:
  96 0014 FFF7FEFF 		bl	__aeabi_d2f
  97              	.LVL8:
  98 0018 0446     		mov	r4, r0	@ float
  99              	.LVL9:
  93:./user/source/main.c ****         //onenetSendData(116.9905972, 36.6484770);
  94:./user/source/main.c ****         onenetSendData(lon, 36.6484770);
 100              		.loc 1 94 0 discriminator 1
 101 001a DFED080A 		vldr.32	s1, .L7+12
 102 001e 00EE100A 		vmov	s0, r0
 103 0022 FFF7FEFF 		bl	onenetSendData
 104              	.LVL10:
  95:./user/source/main.c ****         //onenetPublish(1111, 2222);
  96:./user/source/main.c ****         vTaskDelay(2000 / portTICK_RATE_MS);
 105              		.loc 1 96 0 discriminator 1
 106 0026 1420     		movs	r0, #20
 107 0028 FFF7FEFF 		bl	vTaskDelay
 108              	.LVL11:
 109 002c EAE7     		b	.L5
 110              	.L8:
 111 002e 00BF     		.align	3
 112              	.L7:
 113 0030 2D431CEB 		.word	-350469331
 114 0034 E2361A3F 		.word	1058682594
 115 0038 30FBE942 		.word	1122630448
 116 003c 0A981242 		.word	1108514826
 117              		.cfi_endproc
 118              	.LFE121:
 120              		.section	.text.vBoardInit,"ax",%progbits
 121              		.align	2
 122              		.global	vBoardInit
 123              		.thumb
 124              		.thumb_func
 126              	vBoardInit:
 127              	.LFB117:
  22:./user/source/main.c ****     //NVIC_PriorityGroupConfig(NVIC_PriorityGroup_4);
 128              		.loc 1 22 0
 129              		.cfi_startproc
 130              		@ args = 0, pretend = 0, frame = 0
 131              		@ frame_needed = 0, uses_anonymous_args = 0
 132 0000 08B5     		push	{r3, lr}
 133              	.LCFI2:
 134              		.cfi_def_cfa_offset 8
 135              		.cfi_offset 3, -8
 136              		.cfi_offset 14, -4
ARM GAS  C:\Users\strag\AppData\Local\Temp\ccXqFFHI.s 			page 5


  24:./user/source/main.c ****     vRunLed_Init();
 137              		.loc 1 24 0
 138 0002 FFF7FEFF 		bl	vInnerFlash_Init
 139              	.LVL12:
  25:./user/source/main.c ****     //Sim800GPRSInit();
 140              		.loc 1 25 0
 141 0006 FFF7FEFF 		bl	vRunLed_Init
 142              	.LVL13:
  27:./user/source/main.c **** }
 143              		.loc 1 27 0
 144 000a 024B     		ldr	r3, .L11
 145 000c 1B68     		ldr	r3, [r3]
 146 000e 1B68     		ldr	r3, [r3]
 147 0010 9847     		blx	r3
 148              	.LVL14:
 149 0012 08BD     		pop	{r3, pc}
 150              	.L12:
 151              		.align	2
 152              	.L11:
 153 0014 00000000 		.word	pSim800GPS
 154              		.cfi_endproc
 155              	.LFE117:
 157              		.section	.text.vSim800_TCPInit,"ax",%progbits
 158              		.align	2
 159              		.global	vSim800_TCPInit
 160              		.thumb
 161              		.thumb_func
 163              	vSim800_TCPInit:
 164              	.LFB118:
  31:./user/source/main.c ****     struct gprs_dev *pGprs = pGprsDev;
 165              		.loc 1 31 0
 166              		.cfi_startproc
 167              		@ args = 0, pretend = 0, frame = 0
 168              		@ frame_needed = 0, uses_anonymous_args = 0
 169              	.LVL15:
 170 0000 38B5     		push	{r3, r4, r5, lr}
 171              	.LCFI3:
 172              		.cfi_def_cfa_offset 16
 173              		.cfi_offset 3, -16
 174              		.cfi_offset 4, -12
 175              		.cfi_offset 5, -8
 176              		.cfi_offset 14, -4
 177 0002 0546     		mov	r5, r0
 178              	.LVL16:
  33:./user/source/main.c ****     pGprs->delay(TICKS_1S);
 179              		.loc 1 33 0
 180 0004 8368     		ldr	r3, [r0, #8]
 181 0006 9847     		blx	r3
 182              	.LVL17:
  34:./user/source/main.c ****     pGprs->OnOff();
 183              		.loc 1 34 0
 184 0008 2B6A     		ldr	r3, [r5, #32]
 185 000a 0A20     		movs	r0, #10
 186 000c 9847     		blx	r3
 187              	.LVL18:
  35:./user/source/main.c ****     pGprs->delay(TICKS_1S);
 188              		.loc 1 35 0
ARM GAS  C:\Users\strag\AppData\Local\Temp\ccXqFFHI.s 			page 6


 189 000e 6B68     		ldr	r3, [r5, #4]
 190 0010 9847     		blx	r3
 191              	.LVL19:
  36:./user/source/main.c ****     USART_ITConfig(USART3, USART_IT_RXNE, ENABLE);
 192              		.loc 1 36 0
 193 0012 2B6A     		ldr	r3, [r5, #32]
 194 0014 0A20     		movs	r0, #10
 195 0016 9847     		blx	r3
 196              	.LVL20:
  37:./user/source/main.c ****     while (1)
 197              		.loc 1 37 0
 198 0018 0122     		movs	r2, #1
 199 001a 2B49     		ldr	r1, .L25
 200 001c 2B48     		ldr	r0, .L25+4
 201 001e FFF7FEFF 		bl	USART_ITConfig
 202              	.LVL21:
 203              	.L14:
  40:./user/source/main.c ****             pGprs->SendCmd("ATE0\r\n", "OK", TICKS_500MS, 6) &&
 204              		.loc 1 40 0
 205 0022 2C69     		ldr	r4, [r5, #16]
 206 0024 0623     		movs	r3, #6
 207 0026 0A22     		movs	r2, #10
 208 0028 2949     		ldr	r1, .L25+8
 209 002a 2A48     		ldr	r0, .L25+12
 210 002c A047     		blx	r4
 211              	.LVL22:
 212 002e 0028     		cmp	r0, #0
 213 0030 F7D0     		beq	.L14
  41:./user/source/main.c ****             pGprs->SendCmd("AT+CPIN?\r\n", "READY", TICKS_1S, 3) &&
 214              		.loc 1 41 0 discriminator 1
 215 0032 2C69     		ldr	r4, [r5, #16]
 216 0034 0623     		movs	r3, #6
 217 0036 0522     		movs	r2, #5
 218 0038 2549     		ldr	r1, .L25+8
 219 003a 2748     		ldr	r0, .L25+16
 220 003c A047     		blx	r4
 221              	.LVL23:
  40:./user/source/main.c ****             pGprs->SendCmd("ATE0\r\n", "OK", TICKS_500MS, 6) &&
 222              		.loc 1 40 0 discriminator 1
 223 003e 0028     		cmp	r0, #0
 224 0040 EFD0     		beq	.L14
  42:./user/source/main.c ****             pGprs->SendCmd("AT+CSQ\r\n", "", TICKS_500MS, 3) &&
 225              		.loc 1 42 0
 226 0042 2C69     		ldr	r4, [r5, #16]
 227 0044 0323     		movs	r3, #3
 228 0046 0A22     		movs	r2, #10
 229 0048 2449     		ldr	r1, .L25+20
 230 004a 2548     		ldr	r0, .L25+24
 231 004c A047     		blx	r4
 232              	.LVL24:
  41:./user/source/main.c ****             pGprs->SendCmd("AT+CPIN?\r\n", "READY", TICKS_1S, 3) &&
 233              		.loc 1 41 0
 234 004e 0028     		cmp	r0, #0
 235 0050 E7D0     		beq	.L14
  43:./user/source/main.c ****             pGprs->SendCmd("AT+CGATT?\r\n", "", TICKS_500MS, 3) &&
 236              		.loc 1 43 0
 237 0052 2C69     		ldr	r4, [r5, #16]
ARM GAS  C:\Users\strag\AppData\Local\Temp\ccXqFFHI.s 			page 7


 238 0054 0323     		movs	r3, #3
 239 0056 0522     		movs	r2, #5
 240 0058 2249     		ldr	r1, .L25+28
 241 005a 2348     		ldr	r0, .L25+32
 242 005c A047     		blx	r4
 243              	.LVL25:
  42:./user/source/main.c ****             pGprs->SendCmd("AT+CSQ\r\n", "", TICKS_500MS, 3) &&
 244              		.loc 1 42 0
 245 005e 0028     		cmp	r0, #0
 246 0060 DFD0     		beq	.L14
  44:./user/source/main.c ****             pGprs->SendCmd("AT+CIPSHUT\r\n", "SHUT OK", 2 * TICKS_1S, 3) &&
 247              		.loc 1 44 0
 248 0062 2C69     		ldr	r4, [r5, #16]
 249 0064 0323     		movs	r3, #3
 250 0066 0522     		movs	r2, #5
 251 0068 1E49     		ldr	r1, .L25+28
 252 006a 2048     		ldr	r0, .L25+36
 253 006c A047     		blx	r4
 254              	.LVL26:
  43:./user/source/main.c ****             pGprs->SendCmd("AT+CGATT?\r\n", "", TICKS_500MS, 3) &&
 255              		.loc 1 43 0
 256 006e 0028     		cmp	r0, #0
 257 0070 D7D0     		beq	.L14
  45:./user/source/main.c ****             pGprs->SendCmd("AT+CSTT=\"CMNET\"\r\n", "OK", 2 * TICKS_1S, 3) &&
 258              		.loc 1 45 0
 259 0072 2C69     		ldr	r4, [r5, #16]
 260 0074 0323     		movs	r3, #3
 261 0076 1422     		movs	r2, #20
 262 0078 1D49     		ldr	r1, .L25+40
 263 007a 1E48     		ldr	r0, .L25+44
 264 007c A047     		blx	r4
 265              	.LVL27:
  44:./user/source/main.c ****             pGprs->SendCmd("AT+CIPSHUT\r\n", "SHUT OK", 2 * TICKS_1S, 3) &&
 266              		.loc 1 44 0
 267 007e 0028     		cmp	r0, #0
 268 0080 CFD0     		beq	.L14
  46:./user/source/main.c ****             pGprs->SendCmd("AT+CIICR\r\n", "OK", 90 * TICKS_1S, 3) &&
 269              		.loc 1 46 0
 270 0082 2C69     		ldr	r4, [r5, #16]
 271 0084 0323     		movs	r3, #3
 272 0086 1422     		movs	r2, #20
 273 0088 1149     		ldr	r1, .L25+8
 274 008a 1B48     		ldr	r0, .L25+48
 275 008c A047     		blx	r4
 276              	.LVL28:
  45:./user/source/main.c ****             pGprs->SendCmd("AT+CSTT=\"CMNET\"\r\n", "OK", 2 * TICKS_1S, 3) &&
 277              		.loc 1 45 0
 278 008e 0028     		cmp	r0, #0
 279 0090 C7D0     		beq	.L14
  47:./user/source/main.c ****             pGprs->SendCmd("AT+CIFSR\r\n", "", 2 * TICKS_1S, 3) &&
 280              		.loc 1 47 0
 281 0092 2C69     		ldr	r4, [r5, #16]
 282 0094 0323     		movs	r3, #3
 283 0096 4FF46172 		mov	r2, #900
 284 009a 0D49     		ldr	r1, .L25+8
 285 009c 1748     		ldr	r0, .L25+52
 286 009e A047     		blx	r4
ARM GAS  C:\Users\strag\AppData\Local\Temp\ccXqFFHI.s 			page 8


 287              	.LVL29:
  46:./user/source/main.c ****             pGprs->SendCmd("AT+CIICR\r\n", "OK", 90 * TICKS_1S, 3) &&
 288              		.loc 1 46 0
 289 00a0 0028     		cmp	r0, #0
 290 00a2 BED0     		beq	.L14
  48:./user/source/main.c ****             //pGprs->SendCmd("AT+CIPSTART=\"TCP\",\"116.247.119.165\",9336\r\n", "CONNECT", 2000, 3
 291              		.loc 1 48 0
 292 00a4 2C69     		ldr	r4, [r5, #16]
 293 00a6 0323     		movs	r3, #3
 294 00a8 1422     		movs	r2, #20
 295 00aa 0E49     		ldr	r1, .L25+28
 296 00ac 1448     		ldr	r0, .L25+56
 297 00ae A047     		blx	r4
 298              	.LVL30:
  47:./user/source/main.c ****             pGprs->SendCmd("AT+CIFSR\r\n", "", 2 * TICKS_1S, 3) &&
 299              		.loc 1 47 0
 300 00b0 0028     		cmp	r0, #0
 301 00b2 B6D0     		beq	.L14
  50:./user/source/main.c ****         //pGprs->SendCmd("AT+CIPSTART=\"TCP\",\"124.128.119.120\",6002\r\n", "CONNECT", 2000, 3))
 302              		.loc 1 50 0
 303 00b4 2C69     		ldr	r4, [r5, #16]
 304 00b6 0323     		movs	r3, #3
 305 00b8 1422     		movs	r2, #20
 306 00ba 1249     		ldr	r1, .L25+60
 307 00bc 1248     		ldr	r0, .L25+64
 308 00be A047     		blx	r4
 309              	.LVL31:
  48:./user/source/main.c ****             //pGprs->SendCmd("AT+CIPSTART=\"TCP\",\"116.247.119.165\",9336\r\n", "CONNECT", 2000, 3
 310              		.loc 1 48 0
 311 00c0 0028     		cmp	r0, #0
 312 00c2 AED0     		beq	.L14
  56:./user/source/main.c **** 
 313              		.loc 1 56 0
 314 00c4 38BD     		pop	{r3, r4, r5, pc}
 315              	.LVL32:
 316              	.L26:
 317 00c6 00BF     		.align	2
 318              	.L25:
 319 00c8 05010500 		.word	327941
 320 00cc 00480040 		.word	1073760256
 321 00d0 00000000 		.word	.LC0
 322 00d4 04000000 		.word	.LC1
 323 00d8 0C000000 		.word	.LC2
 324 00dc 14000000 		.word	.LC3
 325 00e0 1C000000 		.word	.LC4
 326 00e4 28000000 		.word	.LC5
 327 00e8 2C000000 		.word	.LC6
 328 00ec 38000000 		.word	.LC7
 329 00f0 44000000 		.word	.LC8
 330 00f4 4C000000 		.word	.LC9
 331 00f8 5C000000 		.word	.LC10
 332 00fc 70000000 		.word	.LC11
 333 0100 7C000000 		.word	.LC12
 334 0104 88000000 		.word	.LC13
 335 0108 90000000 		.word	.LC14
 336              		.cfi_endproc
 337              	.LFE118:
ARM GAS  C:\Users\strag\AppData\Local\Temp\ccXqFFHI.s 			page 9


 339              		.section	.text.main,"ax",%progbits
 340              		.align	2
 341              		.global	main
 342              		.thumb
 343              		.thumb_func
 345              	main:
 346              	.LFB119:
  59:./user/source/main.c ****     vBoardInit();
 347              		.loc 1 59 0
 348              		.cfi_startproc
 349              		@ Volatile: function does not return.
 350              		@ args = 0, pretend = 0, frame = 0
 351              		@ frame_needed = 0, uses_anonymous_args = 0
 352 0000 00B5     		push	{lr}
 353              	.LCFI4:
 354              		.cfi_def_cfa_offset 4
 355              		.cfi_offset 14, -4
 356 0002 83B0     		sub	sp, sp, #12
 357              	.LCFI5:
 358              		.cfi_def_cfa_offset 16
  60:./user/source/main.c ****     vSim800GPRSInit(pSim800GPRS);
 359              		.loc 1 60 0
 360 0004 FFF7FEFF 		bl	vBoardInit
 361              	.LVL33:
  61:./user/source/main.c ****     vSim800_TCPInit(pSim800GPRS);
 362              		.loc 1 61 0
 363 0008 0F4C     		ldr	r4, .L30
 364 000a 2068     		ldr	r0, [r4]
 365 000c FFF7FEFF 		bl	vSim800GPRSInit
 366              	.LVL34:
  62:./user/source/main.c ****     onenetConnect();
 367              		.loc 1 62 0
 368 0010 2068     		ldr	r0, [r4]
 369 0012 FFF7FEFF 		bl	vSim800_TCPInit
 370              	.LVL35:
  63:./user/source/main.c **** 
 371              		.loc 1 63 0
 372 0016 FFF7FEFF 		bl	onenetConnect
 373              	.LVL36:
  68:./user/source/main.c ****     xTaskCreate((void *)vTaskPublish, "Publish", 4 * configMINIMAL_STACK_SIZE, NULL, tskIDLE_PRIORI
 374              		.loc 1 68 0
 375 001a 0024     		movs	r4, #0
 376 001c 0194     		str	r4, [sp, #4]
 377 001e 0125     		movs	r5, #1
 378 0020 0095     		str	r5, [sp]
 379 0022 2346     		mov	r3, r4
 380 0024 8022     		movs	r2, #128
 381 0026 0949     		ldr	r1, .L30+4
 382 0028 0948     		ldr	r0, .L30+8
 383 002a FFF7FEFF 		bl	xTaskCreate
 384              	.LVL37:
  69:./user/source/main.c **** 
 385              		.loc 1 69 0
 386 002e 0194     		str	r4, [sp, #4]
 387 0030 0095     		str	r5, [sp]
 388 0032 2346     		mov	r3, r4
 389 0034 4FF40072 		mov	r2, #512
ARM GAS  C:\Users\strag\AppData\Local\Temp\ccXqFFHI.s 			page 10


 390 0038 0649     		ldr	r1, .L30+12
 391 003a 0748     		ldr	r0, .L30+16
 392 003c FFF7FEFF 		bl	xTaskCreate
 393              	.LVL38:
  72:./user/source/main.c ****     while (1)
 394              		.loc 1 72 0
 395 0040 FFF7FEFF 		bl	vTaskStartScheduler
 396              	.LVL39:
 397              	.L28:
 398 0044 FEE7     		b	.L28
 399              	.L31:
 400 0046 00BF     		.align	2
 401              	.L30:
 402 0048 00000000 		.word	pSim800GPRS
 403 004c BC000000 		.word	.LC15
 404 0050 00000000 		.word	vTaskRunLed
 405 0054 C4000000 		.word	.LC16
 406 0058 00000000 		.word	vTaskPublish
 407              		.cfi_endproc
 408              	.LFE119:
 410              		.comm	xSemGprsRsvd,4,4
 411              		.section	.rodata.str1.4,"aMS",%progbits,1
 412              		.align	2
 413              	.LC0:
 414 0000 4F4B00   		.ascii	"OK\000"
 415 0003 00       		.space	1
 416              	.LC1:
 417 0004 41540D0A 		.ascii	"AT\015\012\000"
 417      00
 418 0009 000000   		.space	3
 419              	.LC2:
 420 000c 41544530 		.ascii	"ATE0\015\012\000"
 420      0D0A00
 421 0013 00       		.space	1
 422              	.LC3:
 423 0014 52454144 		.ascii	"READY\000"
 423      5900
 424 001a 0000     		.space	2
 425              	.LC4:
 426 001c 41542B43 		.ascii	"AT+CPIN?\015\012\000"
 426      50494E3F 
 426      0D0A00
 427 0027 00       		.space	1
 428              	.LC5:
 429 0028 00       		.ascii	"\000"
 430 0029 000000   		.space	3
 431              	.LC6:
 432 002c 41542B43 		.ascii	"AT+CSQ\015\012\000"
 432      53510D0A 
 432      00
 433 0035 000000   		.space	3
 434              	.LC7:
 435 0038 41542B43 		.ascii	"AT+CGATT?\015\012\000"
 435      47415454 
 435      3F0D0A00 
 436              	.LC8:
 437 0044 53485554 		.ascii	"SHUT OK\000"
ARM GAS  C:\Users\strag\AppData\Local\Temp\ccXqFFHI.s 			page 11


 437      204F4B00 
 438              	.LC9:
 439 004c 41542B43 		.ascii	"AT+CIPSHUT\015\012\000"
 439      49505348 
 439      55540D0A 
 439      00
 440 0059 000000   		.space	3
 441              	.LC10:
 442 005c 41542B43 		.ascii	"AT+CSTT=\"CMNET\"\015\012\000"
 442      5354543D 
 442      22434D4E 
 442      4554220D 
 442      0A00
 443 006e 0000     		.space	2
 444              	.LC11:
 445 0070 41542B43 		.ascii	"AT+CIICR\015\012\000"
 445      49494352 
 445      0D0A00
 446 007b 00       		.space	1
 447              	.LC12:
 448 007c 41542B43 		.ascii	"AT+CIFSR\015\012\000"
 448      49465352 
 448      0D0A00
 449 0087 00       		.space	1
 450              	.LC13:
 451 0088 434F4E4E 		.ascii	"CONNECT\000"
 451      45435400 
 452              	.LC14:
 453 0090 41542B43 		.ascii	"AT+CIPSTART=\"TCP\",\"183.230.40.39\",6002\015\012\000"
 453      49505354 
 453      4152543D 
 453      22544350 
 453      222C2231 
 454 00b9 000000   		.space	3
 455              	.LC15:
 456 00bc 52756E4C 		.ascii	"RunLed\000"
 456      656400
 457 00c3 00       		.space	1
 458              	.LC16:
 459 00c4 5075626C 		.ascii	"Publish\000"
 459      69736800 
 460              		.text
 461              	.Letext0:
 462              		.file 2 "d:\\gcc-arm-none-eabi-5_4-2016q3-20160926-win32\\arm-none-eabi\\include\\machine\\_defaul
 463              		.file 3 "d:\\gcc-arm-none-eabi-5_4-2016q3-20160926-win32\\arm-none-eabi\\include\\sys\\_stdint.h"
 464              		.file 4 "cmsis/include/stm32f37x.h"
 465              		.file 5 "user/include/uart.h"
 466              		.file 6 "freertos/Source/portable/GCC/ARM_CM4_MPU/portmacro.h"
 467              		.file 7 "user/include/sim800.h"
 468              		.file 8 "user/include/gps.h"
 469              		.file 9 "freertos/include/queue.h"
 470              		.file 10 "freertos/include/semphr.h"
 471              		.file 11 "cmsis/include/core_cm4.h"
 472              		.file 12 "stdperiph/include/stm32f37x_gpio.h"
 473              		.file 13 "freertos/include/task.h"
 474              		.file 14 "user/include/onenet.h"
 475              		.file 15 "user/include/flash.h"
ARM GAS  C:\Users\strag\AppData\Local\Temp\ccXqFFHI.s 			page 12


 476              		.file 16 "stdperiph/include/stm32f37x_usart.h"
ARM GAS  C:\Users\strag\AppData\Local\Temp\ccXqFFHI.s 			page 13


DEFINED SYMBOLS
                            *ABS*:00000000 main.c
C:\Users\strag\AppData\Local\Temp\ccXqFFHI.s:22     .text.vTaskRunLed:00000000 $t
C:\Users\strag\AppData\Local\Temp\ccXqFFHI.s:27     .text.vTaskRunLed:00000000 vTaskRunLed
C:\Users\strag\AppData\Local\Temp\ccXqFFHI.s:67     .text.vTaskPublish:00000000 $t
C:\Users\strag\AppData\Local\Temp\ccXqFFHI.s:72     .text.vTaskPublish:00000000 vTaskPublish
C:\Users\strag\AppData\Local\Temp\ccXqFFHI.s:113    .text.vTaskPublish:00000030 $d
C:\Users\strag\AppData\Local\Temp\ccXqFFHI.s:121    .text.vBoardInit:00000000 $t
C:\Users\strag\AppData\Local\Temp\ccXqFFHI.s:126    .text.vBoardInit:00000000 vBoardInit
C:\Users\strag\AppData\Local\Temp\ccXqFFHI.s:153    .text.vBoardInit:00000014 $d
C:\Users\strag\AppData\Local\Temp\ccXqFFHI.s:158    .text.vSim800_TCPInit:00000000 $t
C:\Users\strag\AppData\Local\Temp\ccXqFFHI.s:163    .text.vSim800_TCPInit:00000000 vSim800_TCPInit
C:\Users\strag\AppData\Local\Temp\ccXqFFHI.s:319    .text.vSim800_TCPInit:000000c8 $d
C:\Users\strag\AppData\Local\Temp\ccXqFFHI.s:340    .text.main:00000000 $t
C:\Users\strag\AppData\Local\Temp\ccXqFFHI.s:345    .text.main:00000000 main
C:\Users\strag\AppData\Local\Temp\ccXqFFHI.s:402    .text.main:00000048 $d
                            *COM*:00000004 xSemGprsRsvd
C:\Users\strag\AppData\Local\Temp\ccXqFFHI.s:412    .rodata.str1.4:00000000 $d
                     .debug_frame:00000010 $d

UNDEFINED SYMBOLS
GPIO_SetBits
vTaskDelay
GPIO_ResetBits
__aeabi_f2d
__aeabi_dadd
__aeabi_d2f
onenetSendData
vInnerFlash_Init
vRunLed_Init
pSim800GPS
USART_ITConfig
vSim800GPRSInit
onenetConnect
xTaskCreate
vTaskStartScheduler
pSim800GPRS
